2024-06-25 09:39:47,928:INFO:Installation script started
2024-06-25 09:39:47,928:ERROR:Requirements file does not exist: C:\Users\10169062\Desktop\static\project_requirements\requirements.txt
2024-06-25 09:39:47,928:INFO:Installation script completed
2024-06-25 09:42:07,240:INFO:Installation script started
2024-06-25 09:42:07,241:ERROR:Requirements file does not exist: C:\Users\10169062\Desktop\static\project_requirements\requirements.txt
2024-06-25 09:42:07,243:INFO:Installation script completed
2024-06-25 09:44:57,608:INFO:Installation script started
2024-06-25 09:44:58,356:ERROR:Failed to install packages from C:\Users\10169062\Desktop\AuMaintdb\static\project_requirements\requirements.txt: Command '['C:\\Users\\10169062\\AppData\\Local\\Programs\\Python\\Python310\\python.exe', '-m', 'pip', 'install', '-r', 'C:\\Users\\10169062\\Desktop\\AuMaintdb\\static\\project_requirements\\requirements.txt']' returned non-zero exit status 1.
2024-06-25 09:44:58,356:INFO:Installation script completed
2024-06-25 09:48:03,535:INFO:Installation script started
2024-06-25 09:48:04,613:INFO:Successfully installed packages from C:\Users\10169062\Desktop\AuMaintdb\static\project_requirements\requirements.txt
2024-06-25 09:48:04,613:INFO:Installation script completed
2024-06-25 09:49:07,072:INFO:Installation script started
2024-06-25 09:49:07,831:ERROR:Failed to install packages from C:\Users\10169062\Desktop\AuMaintdb\static\project_requirements\requirements.txt: Command '['C:\\Users\\10169062\\AppData\\Local\\Programs\\Python\\Python310\\python.exe', '-m', 'pip', 'install', '-r', 'C:\\Users\\10169062\\Desktop\\AuMaintdb\\static\\project_requirements\\requirements.txt']' returned non-zero exit status 1.
2024-06-25 09:49:07,831:INFO:Installation script completed
2024-06-25 09:57:41,844:INFO:Installation script started
2024-06-25 09:57:42,915:INFO:Successfully installed packages from C:\Users\10169062\Desktop\AuMaintdb\static\project_requirements\requirements.txt
2024-06-25 09:57:42,915:INFO:Installation script completed
2024-07-25 05:21:34,180:INFO:Installation script started
2024-07-25 05:29:16,195:INFO:Successfully installed packages from C:\Users\10169062\Desktop\AuMaintdb\static\project_requirements\requirements.txt
2024-07-25 05:29:16,195:INFO:Installation script completed
